<?xml version="1.0" encoding="UTF-8"?>
<coverage generated="1510218124931" clover="3.2.0">
  <project timestamp="1510218124931" name="All files">
    <metrics statements="229" coveredstatements="221" conditionals="51" coveredconditionals="49" methods="63" coveredmethods="59" elements="343" coveredelements="329" complexity="0" loc="229" ncloc="229" packages="2" files="2" classes="2">
      <package name="validator">
        <metrics statements="164" coveredstatements="156" conditionals="47" coveredconditionals="46" methods="44" coveredmethods="40"/>
        <file name="validator.js" path="/Users/mcmunder/code/eaternity/edb-solution-validator/src/validator/validator.js">
          <metrics statements="164" coveredstatements="156" conditionals="47" coveredconditionals="46" methods="44" coveredmethods="40"/>
          <line num="10" count="1" type="stmt"/>
          <line num="15" count="1" type="stmt"/>
          <line num="25" count="1" type="stmt"/>
          <line num="49" count="1" type="stmt"/>
          <line num="57" count="1" type="stmt"/>
          <line num="62" count="1" type="stmt"/>
          <line num="63" count="3" type="stmt"/>
          <line num="64" count="7" type="stmt"/>
          <line num="65" count="7" type="stmt"/>
          <line num="66" count="14" type="stmt"/>
          <line num="69" count="7" type="stmt"/>
          <line num="72" count="3" type="stmt"/>
          <line num="76" count="1" type="stmt"/>
          <line num="77" count="0" type="stmt"/>
          <line num="78" count="0" type="stmt"/>
          <line num="79" count="0" type="stmt"/>
          <line num="81" count="0" type="stmt"/>
          <line num="82" count="0" type="stmt"/>
          <line num="85" count="0" type="stmt"/>
          <line num="88" count="0" type="stmt"/>
          <line num="91" count="1" type="stmt"/>
          <line num="92" count="3" type="stmt"/>
          <line num="93" count="129" type="stmt"/>
          <line num="95" count="34" type="cond" truecount="2" falsecount="0"/>
          <line num="96" count="2" type="stmt"/>
          <line num="99" count="32" type="cond" truecount="1" falsecount="1"/>
          <line num="100" count="0" type="stmt"/>
          <line num="104" count="32" type="stmt"/>
          <line num="108" count="3" type="stmt"/>
          <line num="109" count="3" type="stmt"/>
          <line num="112" count="1" type="stmt"/>
          <line num="113" count="1" type="stmt"/>
          <line num="115" count="1" type="stmt"/>
          <line num="116" count="1" type="stmt"/>
          <line num="117" count="43" type="cond" truecount="2" falsecount="0"/>
          <line num="119" count="41" type="stmt"/>
          <line num="121" count="41" type="stmt"/>
          <line num="123" count="1" type="stmt"/>
          <line num="125" count="1" type="stmt"/>
          <line num="126" count="1" type="stmt"/>
          <line num="134" count="43" type="cond" truecount="2" falsecount="0"/>
          <line num="139" count="2" type="stmt"/>
          <line num="147" count="43" type="stmt"/>
          <line num="148" count="2" type="stmt"/>
          <line num="150" count="1" type="stmt"/>
          <line num="152" count="1" type="stmt"/>
          <line num="154" count="284" type="stmt"/>
          <line num="163" count="284" type="cond" truecount="2" falsecount="0"/>
          <line num="165" count="1013" type="stmt"/>
          <line num="168" count="284" type="cond" truecount="2" falsecount="0"/>
          <line num="169" count="115" type="stmt"/>
          <line num="172" count="284" type="stmt"/>
          <line num="175" count="1" type="stmt"/>
          <line num="176" count="3" type="stmt"/>
          <line num="177" count="3" type="stmt"/>
          <line num="179" count="3" type="stmt"/>
          <line num="182" count="3" type="stmt"/>
          <line num="185" count="3" type="stmt"/>
          <line num="187" count="3" type="cond" truecount="2" falsecount="0"/>
          <line num="188" count="1" type="stmt"/>
          <line num="191" count="3" type="stmt"/>
          <line num="194" count="1" type="stmt"/>
          <line num="195" count="1" type="stmt"/>
          <line num="200" count="1" type="stmt"/>
          <line num="201" count="264" type="stmt"/>
          <line num="202" count="264" type="stmt"/>
          <line num="204" count="264" type="stmt"/>
          <line num="206" count="264" type="cond" truecount="2" falsecount="0"/>
          <line num="207" count="157" type="stmt"/>
          <line num="208" count="2041" type="stmt"/>
          <line num="209" count="2041" type="stmt"/>
          <line num="211" count="157" type="stmt"/>
          <line num="217" count="264" type="stmt"/>
          <line num="220" count="1" type="stmt"/>
          <line num="221" count="1" type="stmt"/>
          <line num="223" count="1" type="stmt"/>
          <line num="228" count="7" type="stmt"/>
          <line num="229" count="7" type="stmt"/>
          <line num="231" count="7" type="stmt"/>
          <line num="232" count="154" type="stmt"/>
          <line num="235" count="7" type="stmt"/>
          <line num="236" count="84" type="stmt"/>
          <line num="239" count="7" type="stmt"/>
          <line num="240" count="7" type="stmt"/>
          <line num="242" count="7" type="cond" truecount="2" falsecount="0"/>
          <line num="243" count="5" type="stmt"/>
          <line num="246" count="7" type="cond" truecount="2" falsecount="0"/>
          <line num="247" count="4" type="stmt"/>
          <line num="250" count="7" type="stmt"/>
          <line num="253" count="1" type="stmt"/>
          <line num="254" count="1" type="stmt"/>
          <line num="259" count="1" type="stmt"/>
          <line num="260" count="4" type="stmt"/>
          <line num="261" count="4" type="stmt"/>
          <line num="262" count="4" type="stmt"/>
          <line num="264" count="4" type="stmt"/>
          <line num="266" count="4" type="cond" truecount="2" falsecount="0"/>
          <line num="267" count="3" type="stmt"/>
          <line num="268" count="3" type="stmt"/>
          <line num="269" count="3" type="stmt"/>
          <line num="272" count="3" type="cond" truecount="2" falsecount="0"/>
          <line num="273" count="1" type="stmt"/>
          <line num="280" count="4" type="stmt"/>
          <line num="283" count="1" type="stmt"/>
          <line num="284" count="1" type="stmt"/>
          <line num="288" count="1" type="stmt"/>
          <line num="289" count="4" type="stmt"/>
          <line num="290" count="4" type="stmt"/>
          <line num="291" count="4" type="stmt"/>
          <line num="293" count="4" type="cond" truecount="2" falsecount="0"/>
          <line num="295" count="4" type="cond" truecount="2" falsecount="0"/>
          <line num="300" count="4" type="cond" truecount="2" falsecount="0"/>
          <line num="301" count="3" type="stmt"/>
          <line num="302" count="3" type="stmt"/>
          <line num="303" count="3" type="stmt"/>
          <line num="306" count="3" type="stmt"/>
          <line num="308" count="3" type="stmt"/>
          <line num="309" count="3" type="stmt"/>
          <line num="314" count="3" type="cond" truecount="2" falsecount="0"/>
          <line num="315" count="1" type="stmt"/>
          <line num="322" count="4" type="stmt"/>
          <line num="325" count="1" type="stmt"/>
          <line num="326" count="1" type="stmt"/>
          <line num="330" count="1" type="stmt"/>
          <line num="331" count="3" type="stmt"/>
          <line num="333" count="3" type="cond" truecount="2" falsecount="0"/>
          <line num="334" count="1" type="stmt"/>
          <line num="341" count="2" type="stmt"/>
          <line num="342" count="2" type="stmt"/>
          <line num="343" count="2" type="stmt"/>
          <line num="344" count="2" type="stmt"/>
          <line num="346" count="2" type="cond" truecount="3" falsecount="0"/>
          <line num="347" count="2" type="stmt"/>
          <line num="348" count="2" type="stmt"/>
          <line num="351" count="1" type="stmt"/>
          <line num="352" count="159" type="stmt"/>
          <line num="353" count="159" type="stmt"/>
          <line num="354" count="159" type="stmt"/>
          <line num="356" count="159" type="stmt"/>
          <line num="359" count="159" type="stmt"/>
          <line num="361" count="159" type="cond" truecount="2" falsecount="0"/>
          <line num="362" count="21" type="stmt"/>
          <line num="363" count="138" type="cond" truecount="2" falsecount="0"/>
          <line num="364" count="96" type="stmt"/>
          <line num="365" count="1248" type="stmt"/>
          <line num="367" count="96" type="stmt"/>
          <line num="368" count="96" type="stmt"/>
          <line num="370" count="42" type="stmt"/>
          <line num="373" count="63" type="stmt"/>
          <line num="376" count="1" type="stmt"/>
          <line num="378" count="1" type="stmt"/>
          <line num="379" count="3" type="stmt"/>
          <line num="381" count="3" type="stmt"/>
          <line num="382" count="61" type="stmt"/>
          <line num="383" count="61" type="stmt"/>
          <line num="384" count="19" type="stmt"/>
          <line num="386" count="3" type="stmt"/>
          <line num="389" count="1" type="stmt"/>
          <line num="390" count="1" type="stmt"/>
          <line num="394" count="1" type="stmt"/>
          <line num="395" count="1" type="stmt"/>
          <line num="396" count="1" type="stmt"/>
          <line num="399" count="1" type="stmt"/>
          <line num="400" count="1" type="stmt"/>
        </file>
      </package>
      <package name="validator.helpers">
        <metrics statements="65" coveredstatements="65" conditionals="4" coveredconditionals="3" methods="19" coveredmethods="19"/>
        <file name="helpers.js" path="/Users/mcmunder/code/eaternity/edb-solution-validator/src/validator/helpers/helpers.js">
          <metrics statements="65" coveredstatements="65" conditionals="4" coveredconditionals="3" methods="19" coveredmethods="19"/>
          <line num="6" count="2" type="stmt"/>
          <line num="7" count="133" type="cond" truecount="1" falsecount="1"/>
          <line num="8" count="133" type="stmt"/>
          <line num="12" count="2" type="stmt"/>
          <line num="14" count="264" type="stmt"/>
          <line num="15" count="264" type="stmt"/>
          <line num="18" count="2" type="stmt"/>
          <line num="19" count="132" type="stmt"/>
          <line num="20" count="132" type="cond" truecount="2" falsecount="0"/>
          <line num="21" count="131" type="stmt"/>
          <line num="22" count="131" type="stmt"/>
          <line num="26" count="2" type="stmt"/>
          <line num="27" count="2" type="stmt"/>
          <line num="29" count="2" type="stmt"/>
          <line num="30" count="9" type="stmt"/>
          <line num="31" count="9" type="stmt"/>
          <line num="32" count="126" type="stmt"/>
          <line num="34" count="117" type="stmt"/>
          <line num="35" count="117" type="stmt"/>
          <line num="36" count="117" type="stmt"/>
          <line num="39" count="9" type="stmt"/>
          <line num="42" count="2" type="stmt"/>
          <line num="43" count="2" type="stmt"/>
          <line num="45" count="2" type="stmt"/>
          <line num="46" count="1" type="stmt"/>
          <line num="47" count="1" type="stmt"/>
          <line num="50" count="2" type="stmt"/>
          <line num="51" count="2" type="stmt"/>
          <line num="52" count="2" type="stmt"/>
          <line num="54" count="4" type="stmt"/>
          <line num="55" count="4" type="stmt"/>
          <line num="57" count="2" type="stmt"/>
          <line num="59" count="2" type="stmt"/>
          <line num="62" count="2" type="stmt"/>
          <line num="63" count="2" type="stmt"/>
          <line num="64" count="2" type="stmt"/>
          <line num="66" count="4" type="stmt"/>
          <line num="67" count="4" type="stmt"/>
          <line num="70" count="2" type="stmt"/>
          <line num="73" count="2" type="stmt"/>
          <line num="76" count="2" type="stmt"/>
          <line num="77" count="3" type="stmt"/>
          <line num="80" count="2" type="stmt"/>
          <line num="81" count="6" type="stmt"/>
          <line num="82" count="6" type="stmt"/>
          <line num="83" count="6" type="stmt"/>
          <line num="84" count="6" type="stmt"/>
          <line num="87" count="2" type="stmt"/>
          <line num="88" count="1" type="stmt"/>
          <line num="89" count="1" type="stmt"/>
          <line num="90" count="1" type="stmt"/>
          <line num="93" count="2" type="stmt"/>
          <line num="94" count="2" type="stmt"/>
          <line num="95" count="2" type="stmt"/>
          <line num="96" count="2" type="stmt"/>
          <line num="104" count="2" type="stmt"/>
          <line num="105" count="2" type="stmt"/>
          <line num="107" count="2" type="stmt"/>
          <line num="108" count="1" type="stmt"/>
          <line num="111" count="2" type="stmt"/>
          <line num="112" count="1" type="stmt"/>
          <line num="113" count="1" type="stmt"/>
          <line num="114" count="1" type="stmt"/>
          <line num="115" count="1" type="stmt"/>
          <line num="118" count="2" type="stmt"/>
        </file>
      </package>
    </metrics>
  </project>
</coverage>
