{"/Users/mcmunder/code/eaternity/edb-solution-validator/src/validator/validator.js": {"path":"/Users/mcmunder/code/eaternity/edb-solution-validator/src/validator/validator.js","statementMap":{"0":{"start":{"line":10,"column":22},"end":{"line":10,"column":36}},"1":{"start":{"line":15,"column":45},"end":{"line":20,"column":1}},"2":{"start":{"line":25,"column":51},"end":{"line":44,"column":1}},"3":{"start":{"line":49,"column":32},"end":{"line":52,"column":1}},"4":{"start":{"line":57,"column":46},"end":{"line":60,"column":1}},"5":{"start":{"line":62,"column":30},"end":{"line":73,"column":1}},"6":{"start":{"line":63,"column":15},"end":{"line":63,"column":44}},"7":{"start":{"line":64,"column":27},"end":{"line":70,"column":4}},"8":{"start":{"line":64,"column":55},"end":{"line":64,"column":62}},"9":{"start":{"line":65,"column":27},"end":{"line":67,"column":6}},"10":{"start":{"line":66,"column":6},"end":{"line":66,"column":34}},"11":{"start":{"line":69,"column":4},"end":{"line":69,"column":47}},"12":{"start":{"line":72,"column":2},"end":{"line":72,"column":25}},"13":{"start":{"line":76,"column":29},"end":{"line":89,"column":1}},"14":{"start":{"line":77,"column":15},"end":{"line":77,"column":42}},"15":{"start":{"line":78,"column":28},"end":{"line":86,"column":6}},"16":{"start":{"line":79,"column":25},"end":{"line":79,"column":34}},"17":{"start":{"line":81,"column":31},"end":{"line":83,"column":8}},"18":{"start":{"line":82,"column":8},"end":{"line":82,"column":38}},"19":{"start":{"line":85,"column":6},"end":{"line":85,"column":51}},"20":{"start":{"line":88,"column":2},"end":{"line":88,"column":26}},"21":{"start":{"line":91,"column":22},"end":{"line":110,"column":1}},"22":{"start":{"line":92,"column":23},"end":{"line":106,"column":6}},"23":{"start":{"line":93,"column":19},"end":{"line":93,"column":45}},"24":{"start":{"line":95,"column":6},"end":{"line":105,"column":7}},"25":{"start":{"line":96,"column":8},"end":{"line":98,"column":9}},"26":{"start":{"line":99,"column":13},"end":{"line":105,"column":7}},"27":{"start":{"line":100,"column":8},"end":{"line":102,"column":9}},"28":{"start":{"line":104,"column":8},"end":{"line":104,"column":36}},"29":{"start":{"line":108,"column":25},"end":{"line":108,"column":59}},"30":{"start":{"line":109,"column":2},"end":{"line":109,"column":23}},"31":{"start":{"line":112,"column":28},"end":{"line":112,"column":48}},"32":{"start":{"line":113,"column":28},"end":{"line":113,"column":78}},"33":{"start":{"line":115,"column":27},"end":{"line":121,"column":64}},"34":{"start":{"line":116,"column":2},"end":{"line":121,"column":64}},"35":{"start":{"line":117,"column":19},"end":{"line":117,"column":78}},"36":{"start":{"line":119,"column":6},"end":{"line":119,"column":34}},"37":{"start":{"line":121,"column":31},"end":{"line":121,"column":59}},"38":{"start":{"line":123,"column":33},"end":{"line":123,"column":58}},"39":{"start":{"line":125,"column":38},"end":{"line":148,"column":64}},"40":{"start":{"line":126,"column":2},"end":{"line":148,"column":64}},"41":{"start":{"line":134,"column":6},"end":{"line":145,"column":31}},"42":{"start":{"line":139,"column":14},"end":{"line":142,"column":15}},"43":{"start":{"line":147,"column":21},"end":{"line":147,"column":60}},"44":{"start":{"line":148,"column":31},"end":{"line":148,"column":59}},"45":{"start":{"line":150,"column":44},"end":{"line":150,"column":80}},"46":{"start":{"line":152,"column":36},"end":{"line":173,"column":1}},"47":{"start":{"line":154,"column":28},"end":{"line":161,"column":3}},"48":{"start":{"line":163,"column":4},"end":{"line":166,"column":6}},"49":{"start":{"line":165,"column":6},"end":{"line":165,"column":57}},"50":{"start":{"line":168,"column":2},"end":{"line":170,"column":3}},"51":{"start":{"line":169,"column":4},"end":{"line":169,"column":45}},"52":{"start":{"line":172,"column":2},"end":{"line":172,"column":16}},"53":{"start":{"line":175,"column":24},"end":{"line":192,"column":1}},"54":{"start":{"line":176,"column":2},"end":{"line":176,"column":41}},"55":{"start":{"line":177,"column":28},"end":{"line":177,"column":35}},"56":{"start":{"line":179,"column":27},"end":{"line":183,"column":6}},"57":{"start":{"line":182,"column":6},"end":{"line":182,"column":24}},"58":{"start":{"line":185,"column":30},"end":{"line":185,"column":57}},"59":{"start":{"line":187,"column":2},"end":{"line":189,"column":3}},"60":{"start":{"line":188,"column":4},"end":{"line":188,"column":64}},"61":{"start":{"line":191,"column":2},"end":{"line":191,"column":40}},"62":{"start":{"line":194,"column":30},"end":{"line":194,"column":52}},"63":{"start":{"line":195,"column":30},"end":{"line":198,"column":1}},"64":{"start":{"line":200,"column":26},"end":{"line":218,"column":1}},"65":{"start":{"line":201,"column":2},"end":{"line":201,"column":41}},"66":{"start":{"line":202,"column":28},"end":{"line":202,"column":35}},"67":{"start":{"line":204,"column":19},"end":{"line":204,"column":54}},"68":{"start":{"line":206,"column":2},"end":{"line":215,"column":3}},"69":{"start":{"line":207,"column":23},"end":{"line":209,"column":74}},"70":{"start":{"line":208,"column":22},"end":{"line":208,"column":38}},"71":{"start":{"line":209,"column":26},"end":{"line":209,"column":73}},"72":{"start":{"line":211,"column":4},"end":{"line":214,"column":5}},"73":{"start":{"line":217,"column":2},"end":{"line":217,"column":40}},"74":{"start":{"line":220,"column":32},"end":{"line":220,"column":56}},"75":{"start":{"line":221,"column":32},"end":{"line":221,"column":77}},"76":{"start":{"line":223,"column":31},"end":{"line":251,"column":1}},"77":{"start":{"line":228,"column":2},"end":{"line":228,"column":41}},"78":{"start":{"line":229,"column":28},"end":{"line":229,"column":35}},"79":{"start":{"line":231,"column":24},"end":{"line":233,"column":4}},"80":{"start":{"line":232,"column":4},"end":{"line":232,"column":41}},"81":{"start":{"line":235,"column":33},"end":{"line":237,"column":4}},"82":{"start":{"line":236,"column":4},"end":{"line":236,"column":43}},"83":{"start":{"line":239,"column":24},"end":{"line":239,"column":48}},"84":{"start":{"line":240,"column":33},"end":{"line":240,"column":66}},"85":{"start":{"line":242,"column":2},"end":{"line":244,"column":3}},"86":{"start":{"line":243,"column":4},"end":{"line":243,"column":61}},"87":{"start":{"line":246,"column":2},"end":{"line":248,"column":3}},"88":{"start":{"line":247,"column":4},"end":{"line":247,"column":70}},"89":{"start":{"line":250,"column":2},"end":{"line":250,"column":40}},"90":{"start":{"line":253,"column":37},"end":{"line":253,"column":66}},"91":{"start":{"line":254,"column":37},"end":{"line":257,"column":1}},"92":{"start":{"line":259,"column":29},"end":{"line":281,"column":1}},"93":{"start":{"line":260,"column":2},"end":{"line":260,"column":41}},"94":{"start":{"line":261,"column":28},"end":{"line":261,"column":35}},"95":{"start":{"line":262,"column":24},"end":{"line":262,"column":41}},"96":{"start":{"line":264,"column":25},"end":{"line":264,"column":63}},"97":{"start":{"line":266,"column":2},"end":{"line":278,"column":3}},"98":{"start":{"line":267,"column":24},"end":{"line":267,"column":47}},"99":{"start":{"line":268,"column":36},"end":{"line":270,"column":6}},"100":{"start":{"line":269,"column":6},"end":{"line":269,"column":39}},"101":{"start":{"line":272,"column":4},"end":{"line":277,"column":5}},"102":{"start":{"line":273,"column":6},"end":{"line":276,"column":7}},"103":{"start":{"line":280,"column":2},"end":{"line":280,"column":40}},"104":{"start":{"line":283,"column":35},"end":{"line":283,"column":62}},"105":{"start":{"line":284,"column":35},"end":{"line":286,"column":1}},"106":{"start":{"line":288,"column":30},"end":{"line":323,"column":1}},"107":{"start":{"line":289,"column":2},"end":{"line":289,"column":41}},"108":{"start":{"line":290,"column":28},"end":{"line":290,"column":35}},"109":{"start":{"line":291,"column":24},"end":{"line":291,"column":41}},"110":{"start":{"line":293,"column":23},"end":{"line":293,"column":79}},"111":{"start":{"line":295,"column":31},"end":{"line":298,"column":11}},"112":{"start":{"line":300,"column":2},"end":{"line":320,"column":3}},"113":{"start":{"line":301,"column":24},"end":{"line":301,"column":31}},"114":{"start":{"line":302,"column":34},"end":{"line":304,"column":6}},"115":{"start":{"line":303,"column":6},"end":{"line":303,"column":43}},"116":{"start":{"line":306,"column":42},"end":{"line":312,"column":5}},"117":{"start":{"line":308,"column":8},"end":{"line":310,"column":10}},"118":{"start":{"line":309,"column":10},"end":{"line":309,"column":55}},"119":{"start":{"line":314,"column":4},"end":{"line":319,"column":5}},"120":{"start":{"line":315,"column":6},"end":{"line":318,"column":7}},"121":{"start":{"line":322,"column":2},"end":{"line":322,"column":40}},"122":{"start":{"line":325,"column":41},"end":{"line":325,"column":69}},"123":{"start":{"line":326,"column":36},"end":{"line":328,"column":1}},"124":{"start":{"line":330,"column":24},"end":{"line":349,"column":1}},"125":{"start":{"line":331,"column":28},"end":{"line":331,"column":35}},"126":{"start":{"line":333,"column":2},"end":{"line":335,"column":3}},"127":{"start":{"line":334,"column":4},"end":{"line":334,"column":72}},"128":{"start":{"line":341,"column":6},"end":{"line":341,"column":23}},"129":{"start":{"line":342,"column":25},"end":{"line":342,"column":47}},"130":{"start":{"line":343,"column":36},"end":{"line":343,"column":69}},"131":{"start":{"line":344,"column":30},"end":{"line":344,"column":57}},"132":{"start":{"line":346,"column":4},"end":{"line":346,"column":73}},"133":{"start":{"line":347,"column":2},"end":{"line":347,"column":53}},"134":{"start":{"line":348,"column":2},"end":{"line":348,"column":40}},"135":{"start":{"line":351,"column":28},"end":{"line":374,"column":1}},"136":{"start":{"line":352,"column":33},"end":{"line":352,"column":71}},"137":{"start":{"line":353,"column":30},"end":{"line":353,"column":52}},"138":{"start":{"line":354,"column":20},"end":{"line":354,"column":22}},"139":{"start":{"line":356,"column":30},"end":{"line":356,"column":65}},"140":{"start":{"line":359,"column":19},"end":{"line":359,"column":50}},"141":{"start":{"line":361,"column":2},"end":{"line":371,"column":3}},"142":{"start":{"line":362,"column":4},"end":{"line":362,"column":49}},"143":{"start":{"line":363,"column":9},"end":{"line":371,"column":3}},"144":{"start":{"line":364,"column":24},"end":{"line":366,"column":9}},"145":{"start":{"line":365,"column":6},"end":{"line":365,"column":65}},"146":{"start":{"line":367,"column":33},"end":{"line":367,"column":69}},"147":{"start":{"line":368,"column":4},"end":{"line":368,"column":66}},"148":{"start":{"line":370,"column":4},"end":{"line":370,"column":45}},"149":{"start":{"line":373,"column":2},"end":{"line":373,"column":20}},"150":{"start":{"line":376,"column":34},"end":{"line":376,"column":60}},"151":{"start":{"line":378,"column":30},"end":{"line":387,"column":1}},"152":{"start":{"line":379,"column":26},"end":{"line":379,"column":60}},"153":{"start":{"line":381,"column":23},"end":{"line":384,"column":53}},"154":{"start":{"line":382,"column":18},"end":{"line":382,"column":68}},"155":{"start":{"line":383,"column":21},"end":{"line":383,"column":67}},"156":{"start":{"line":384,"column":29},"end":{"line":384,"column":47}},"157":{"start":{"line":386,"column":2},"end":{"line":386,"column":21}},"158":{"start":{"line":389,"column":36},"end":{"line":389,"column":64}},"159":{"start":{"line":390,"column":36},"end":{"line":392,"column":1}},"160":{"start":{"line":394,"column":36},"end":{"line":397,"column":1}},"161":{"start":{"line":395,"column":23},"end":{"line":395,"column":59}},"162":{"start":{"line":396,"column":2},"end":{"line":396,"column":38}},"163":{"start":{"line":399,"column":42},"end":{"line":399,"column":76}},"164":{"start":{"line":400,"column":42},"end":{"line":402,"column":1}}},"fnMap":{"0":{"name":"(anonymous_0)","decl":{"start":{"line":62,"column":30},"end":{"line":62,"column":31}},"loc":{"start":{"line":62,"column":43},"end":{"line":73,"column":1}},"line":62},"1":{"name":"(anonymous_1)","decl":{"start":{"line":64,"column":44},"end":{"line":64,"column":45}},"loc":{"start":{"line":64,"column":55},"end":{"line":64,"column":62}},"line":64},"2":{"name":"(anonymous_2)","decl":{"start":{"line":64,"column":68},"end":{"line":64,"column":69}},"loc":{"start":{"line":64,"column":79},"end":{"line":70,"column":3}},"line":64},"3":{"name":"(anonymous_3)","decl":{"start":{"line":65,"column":36},"end":{"line":65,"column":37}},"loc":{"start":{"line":65,"column":43},"end":{"line":67,"column":5}},"line":65},"4":{"name":"(anonymous_4)","decl":{"start":{"line":76,"column":29},"end":{"line":76,"column":30}},"loc":{"start":{"line":76,"column":41},"end":{"line":89,"column":1}},"line":76},"5":{"name":"(anonymous_5)","decl":{"start":{"line":79,"column":12},"end":{"line":79,"column":13}},"loc":{"start":{"line":79,"column":25},"end":{"line":79,"column":34}},"line":79},"6":{"name":"(anonymous_6)","decl":{"start":{"line":80,"column":9},"end":{"line":80,"column":10}},"loc":{"start":{"line":80,"column":22},"end":{"line":86,"column":5}},"line":80},"7":{"name":"(anonymous_7)","decl":{"start":{"line":81,"column":40},"end":{"line":81,"column":41}},"loc":{"start":{"line":81,"column":47},"end":{"line":83,"column":7}},"line":81},"8":{"name":"(anonymous_8)","decl":{"start":{"line":91,"column":22},"end":{"line":91,"column":23}},"loc":{"start":{"line":91,"column":79},"end":{"line":110,"column":1}},"line":91},"9":{"name":"(anonymous_9)","decl":{"start":{"line":93,"column":12},"end":{"line":93,"column":13}},"loc":{"start":{"line":93,"column":19},"end":{"line":93,"column":45}},"line":93},"10":{"name":"(anonymous_10)","decl":{"start":{"line":94,"column":9},"end":{"line":94,"column":10}},"loc":{"start":{"line":94,"column":16},"end":{"line":106,"column":5}},"line":94},"11":{"name":"(anonymous_11)","decl":{"start":{"line":115,"column":27},"end":{"line":115,"column":28}},"loc":{"start":{"line":116,"column":2},"end":{"line":121,"column":64}},"line":116},"12":{"name":"(anonymous_12)","decl":{"start":{"line":117,"column":12},"end":{"line":117,"column":13}},"loc":{"start":{"line":117,"column":19},"end":{"line":117,"column":78}},"line":117},"13":{"name":"(anonymous_13)","decl":{"start":{"line":118,"column":9},"end":{"line":118,"column":10}},"loc":{"start":{"line":118,"column":16},"end":{"line":120,"column":5}},"line":118},"14":{"name":"(anonymous_14)","decl":{"start":{"line":121,"column":12},"end":{"line":121,"column":13}},"loc":{"start":{"line":121,"column":31},"end":{"line":121,"column":59}},"line":121},"15":{"name":"(anonymous_15)","decl":{"start":{"line":125,"column":38},"end":{"line":125,"column":39}},"loc":{"start":{"line":126,"column":2},"end":{"line":148,"column":64}},"line":126},"16":{"name":"(anonymous_16)","decl":{"start":{"line":133,"column":9},"end":{"line":133,"column":10}},"loc":{"start":{"line":133,"column":16},"end":{"line":146,"column":5}},"line":133},"17":{"name":"(anonymous_17)","decl":{"start":{"line":137,"column":12},"end":{"line":137,"column":13}},"loc":{"start":{"line":139,"column":14},"end":{"line":142,"column":15}},"line":139},"18":{"name":"(anonymous_18)","decl":{"start":{"line":147,"column":12},"end":{"line":147,"column":13}},"loc":{"start":{"line":147,"column":21},"end":{"line":147,"column":60}},"line":147},"19":{"name":"(anonymous_19)","decl":{"start":{"line":148,"column":12},"end":{"line":148,"column":13}},"loc":{"start":{"line":148,"column":31},"end":{"line":148,"column":59}},"line":148},"20":{"name":"(anonymous_20)","decl":{"start":{"line":152,"column":36},"end":{"line":152,"column":37}},"loc":{"start":{"line":152,"column":47},"end":{"line":173,"column":1}},"line":152},"21":{"name":"(anonymous_21)","decl":{"start":{"line":164,"column":49},"end":{"line":164,"column":50}},"loc":{"start":{"line":164,"column":56},"end":{"line":166,"column":5}},"line":164},"22":{"name":"(anonymous_22)","decl":{"start":{"line":175,"column":24},"end":{"line":175,"column":25}},"loc":{"start":{"line":175,"column":79},"end":{"line":192,"column":1}},"line":175},"23":{"name":"(anonymous_23)","decl":{"start":{"line":181,"column":16},"end":{"line":181,"column":17}},"loc":{"start":{"line":181,"column":25},"end":{"line":183,"column":5}},"line":181},"24":{"name":"(anonymous_24)","decl":{"start":{"line":200,"column":26},"end":{"line":200,"column":27}},"loc":{"start":{"line":200,"column":68},"end":{"line":218,"column":1}},"line":200},"25":{"name":"(anonymous_25)","decl":{"start":{"line":208,"column":11},"end":{"line":208,"column":12}},"loc":{"start":{"line":208,"column":22},"end":{"line":208,"column":38}},"line":208},"26":{"name":"(anonymous_26)","decl":{"start":{"line":209,"column":14},"end":{"line":209,"column":15}},"loc":{"start":{"line":209,"column":26},"end":{"line":209,"column":73}},"line":209},"27":{"name":"(anonymous_27)","decl":{"start":{"line":223,"column":31},"end":{"line":223,"column":32}},"loc":{"start":{"line":227,"column":5},"end":{"line":251,"column":1}},"line":227},"28":{"name":"(anonymous_28)","decl":{"start":{"line":231,"column":58},"end":{"line":231,"column":59}},"loc":{"start":{"line":231,"column":67},"end":{"line":233,"column":3}},"line":231},"29":{"name":"(anonymous_29)","decl":{"start":{"line":235,"column":54},"end":{"line":235,"column":55}},"loc":{"start":{"line":235,"column":63},"end":{"line":237,"column":3}},"line":235},"30":{"name":"(anonymous_30)","decl":{"start":{"line":259,"column":29},"end":{"line":259,"column":30}},"loc":{"start":{"line":259,"column":71},"end":{"line":281,"column":1}},"line":259},"31":{"name":"(anonymous_31)","decl":{"start":{"line":268,"column":47},"end":{"line":268,"column":48}},"loc":{"start":{"line":268,"column":58},"end":{"line":270,"column":5}},"line":268},"32":{"name":"(anonymous_32)","decl":{"start":{"line":288,"column":30},"end":{"line":288,"column":31}},"loc":{"start":{"line":288,"column":77},"end":{"line":323,"column":1}},"line":288},"33":{"name":"(anonymous_33)","decl":{"start":{"line":302,"column":48},"end":{"line":302,"column":49}},"loc":{"start":{"line":302,"column":64},"end":{"line":304,"column":5}},"line":302},"34":{"name":"(anonymous_34)","decl":{"start":{"line":307,"column":6},"end":{"line":307,"column":7}},"loc":{"start":{"line":307,"column":27},"end":{"line":311,"column":7}},"line":307},"35":{"name":"(anonymous_35)","decl":{"start":{"line":308,"column":31},"end":{"line":308,"column":32}},"loc":{"start":{"line":308,"column":48},"end":{"line":310,"column":9}},"line":308},"36":{"name":"(anonymous_36)","decl":{"start":{"line":330,"column":24},"end":{"line":330,"column":25}},"loc":{"start":{"line":330,"column":35},"end":{"line":349,"column":1}},"line":330},"37":{"name":"(anonymous_37)","decl":{"start":{"line":351,"column":28},"end":{"line":351,"column":29}},"loc":{"start":{"line":351,"column":61},"end":{"line":374,"column":1}},"line":351},"38":{"name":"(anonymous_38)","decl":{"start":{"line":364,"column":37},"end":{"line":364,"column":38}},"loc":{"start":{"line":364,"column":48},"end":{"line":366,"column":5}},"line":364},"39":{"name":"(anonymous_39)","decl":{"start":{"line":378,"column":30},"end":{"line":378,"column":31}},"loc":{"start":{"line":378,"column":79},"end":{"line":387,"column":1}},"line":378},"40":{"name":"(anonymous_40)","decl":{"start":{"line":382,"column":9},"end":{"line":382,"column":10}},"loc":{"start":{"line":382,"column":18},"end":{"line":382,"column":68}},"line":382},"41":{"name":"(anonymous_41)","decl":{"start":{"line":383,"column":12},"end":{"line":383,"column":13}},"loc":{"start":{"line":383,"column":21},"end":{"line":383,"column":67}},"line":383},"42":{"name":"(anonymous_42)","decl":{"start":{"line":384,"column":12},"end":{"line":384,"column":13}},"loc":{"start":{"line":384,"column":29},"end":{"line":384,"column":47}},"line":384},"43":{"name":"(anonymous_43)","decl":{"start":{"line":394,"column":36},"end":{"line":394,"column":37}},"loc":{"start":{"line":394,"column":78},"end":{"line":397,"column":1}},"line":394}},"branchMap":{"0":{"loc":{"start":{"line":95,"column":6},"end":{"line":105,"column":7}},"type":"if","locations":[{"start":{"line":95,"column":6},"end":{"line":105,"column":7}},{"start":{"line":95,"column":6},"end":{"line":105,"column":7}}],"line":95},"1":{"loc":{"start":{"line":99,"column":13},"end":{"line":105,"column":7}},"type":"if","locations":[{"start":{"line":99,"column":13},"end":{"line":105,"column":7}},{"start":{"line":99,"column":13},"end":{"line":105,"column":7}}],"line":99},"2":{"loc":{"start":{"line":117,"column":21},"end":{"line":117,"column":77}},"type":"binary-expr","locations":[{"start":{"line":117,"column":21},"end":{"line":117,"column":48}},{"start":{"line":117,"column":52},"end":{"line":117,"column":77}}],"line":117},"3":{"loc":{"start":{"line":134,"column":13},"end":{"line":145,"column":31}},"type":"cond-expr","locations":[{"start":{"line":135,"column":10},"end":{"line":144,"column":9}},{"start":{"line":145,"column":10},"end":{"line":145,"column":31}}],"line":134},"4":{"loc":{"start":{"line":140,"column":16},"end":{"line":141,"column":48}},"type":"binary-expr","locations":[{"start":{"line":140,"column":16},"end":{"line":140,"column":49}},{"start":{"line":141,"column":18},"end":{"line":141,"column":48}}],"line":140},"5":{"loc":{"start":{"line":163,"column":4},"end":{"line":166,"column":6}},"type":"binary-expr","locations":[{"start":{"line":163,"column":4},"end":{"line":163,"column":47}},{"start":{"line":164,"column":4},"end":{"line":166,"column":6}}],"line":163},"6":{"loc":{"start":{"line":168,"column":2},"end":{"line":170,"column":3}},"type":"if","locations":[{"start":{"line":168,"column":2},"end":{"line":170,"column":3}},{"start":{"line":168,"column":2},"end":{"line":170,"column":3}}],"line":168},"7":{"loc":{"start":{"line":187,"column":2},"end":{"line":189,"column":3}},"type":"if","locations":[{"start":{"line":187,"column":2},"end":{"line":189,"column":3}},{"start":{"line":187,"column":2},"end":{"line":189,"column":3}}],"line":187},"8":{"loc":{"start":{"line":206,"column":2},"end":{"line":215,"column":3}},"type":"if","locations":[{"start":{"line":206,"column":2},"end":{"line":215,"column":3}},{"start":{"line":206,"column":2},"end":{"line":215,"column":3}}],"line":206},"9":{"loc":{"start":{"line":213,"column":21},"end":{"line":213,"column":40}},"type":"binary-expr","locations":[{"start":{"line":213,"column":21},"end":{"line":213,"column":34}},{"start":{"line":213,"column":38},"end":{"line":213,"column":40}}],"line":213},"10":{"loc":{"start":{"line":242,"column":2},"end":{"line":244,"column":3}},"type":"if","locations":[{"start":{"line":242,"column":2},"end":{"line":244,"column":3}},{"start":{"line":242,"column":2},"end":{"line":244,"column":3}}],"line":242},"11":{"loc":{"start":{"line":246,"column":2},"end":{"line":248,"column":3}},"type":"if","locations":[{"start":{"line":246,"column":2},"end":{"line":248,"column":3}},{"start":{"line":246,"column":2},"end":{"line":248,"column":3}}],"line":246},"12":{"loc":{"start":{"line":266,"column":2},"end":{"line":278,"column":3}},"type":"if","locations":[{"start":{"line":266,"column":2},"end":{"line":278,"column":3}},{"start":{"line":266,"column":2},"end":{"line":278,"column":3}}],"line":266},"13":{"loc":{"start":{"line":272,"column":4},"end":{"line":277,"column":5}},"type":"if","locations":[{"start":{"line":272,"column":4},"end":{"line":277,"column":5}},{"start":{"line":272,"column":4},"end":{"line":277,"column":5}}],"line":272},"14":{"loc":{"start":{"line":293,"column":23},"end":{"line":293,"column":79}},"type":"binary-expr","locations":[{"start":{"line":293,"column":23},"end":{"line":293,"column":58}},{"start":{"line":293,"column":62},"end":{"line":293,"column":79}}],"line":293},"15":{"loc":{"start":{"line":295,"column":31},"end":{"line":298,"column":11}},"type":"cond-expr","locations":[{"start":{"line":296,"column":6},"end":{"line":297,"column":59}},{"start":{"line":298,"column":6},"end":{"line":298,"column":11}}],"line":295},"16":{"loc":{"start":{"line":296,"column":6},"end":{"line":297,"column":59}},"type":"binary-expr","locations":[{"start":{"line":296,"column":6},"end":{"line":296,"column":34}},{"start":{"line":297,"column":6},"end":{"line":297,"column":59}}],"line":296},"17":{"loc":{"start":{"line":300,"column":2},"end":{"line":320,"column":3}},"type":"if","locations":[{"start":{"line":300,"column":2},"end":{"line":320,"column":3}},{"start":{"line":300,"column":2},"end":{"line":320,"column":3}}],"line":300},"18":{"loc":{"start":{"line":314,"column":4},"end":{"line":319,"column":5}},"type":"if","locations":[{"start":{"line":314,"column":4},"end":{"line":319,"column":5}},{"start":{"line":314,"column":4},"end":{"line":319,"column":5}}],"line":314},"19":{"loc":{"start":{"line":333,"column":2},"end":{"line":335,"column":3}},"type":"if","locations":[{"start":{"line":333,"column":2},"end":{"line":335,"column":3}},{"start":{"line":333,"column":2},"end":{"line":335,"column":3}}],"line":333},"20":{"loc":{"start":{"line":346,"column":4},"end":{"line":346,"column":73}},"type":"binary-expr","locations":[{"start":{"line":346,"column":4},"end":{"line":346,"column":19}},{"start":{"line":346,"column":23},"end":{"line":346,"column":49}},{"start":{"line":346,"column":53},"end":{"line":346,"column":73}}],"line":346},"21":{"loc":{"start":{"line":361,"column":2},"end":{"line":371,"column":3}},"type":"if","locations":[{"start":{"line":361,"column":2},"end":{"line":371,"column":3}},{"start":{"line":361,"column":2},"end":{"line":371,"column":3}}],"line":361},"22":{"loc":{"start":{"line":363,"column":9},"end":{"line":371,"column":3}},"type":"if","locations":[{"start":{"line":363,"column":9},"end":{"line":371,"column":3}},{"start":{"line":363,"column":9},"end":{"line":371,"column":3}}],"line":363}},"s":{"0":1,"1":1,"2":1,"3":1,"4":1,"5":1,"6":3,"7":3,"8":7,"9":7,"10":14,"11":7,"12":3,"13":1,"14":0,"15":0,"16":0,"17":0,"18":0,"19":0,"20":0,"21":1,"22":3,"23":129,"24":34,"25":2,"26":32,"27":0,"28":32,"29":3,"30":3,"31":1,"32":1,"33":1,"34":1,"35":43,"36":41,"37":41,"38":1,"39":1,"40":1,"41":43,"42":2,"43":43,"44":2,"45":1,"46":1,"47":284,"48":284,"49":1013,"50":284,"51":115,"52":284,"53":1,"54":3,"55":3,"56":3,"57":3,"58":3,"59":3,"60":1,"61":3,"62":1,"63":1,"64":1,"65":264,"66":264,"67":264,"68":264,"69":157,"70":2041,"71":2041,"72":157,"73":264,"74":1,"75":1,"76":1,"77":7,"78":7,"79":7,"80":154,"81":7,"82":84,"83":7,"84":7,"85":7,"86":5,"87":7,"88":4,"89":7,"90":1,"91":1,"92":1,"93":4,"94":4,"95":4,"96":4,"97":4,"98":3,"99":3,"100":3,"101":3,"102":1,"103":4,"104":1,"105":1,"106":1,"107":4,"108":4,"109":4,"110":4,"111":4,"112":4,"113":3,"114":3,"115":3,"116":3,"117":3,"118":3,"119":3,"120":1,"121":4,"122":1,"123":1,"124":1,"125":3,"126":3,"127":1,"128":2,"129":2,"130":2,"131":2,"132":2,"133":2,"134":2,"135":1,"136":159,"137":159,"138":159,"139":159,"140":159,"141":159,"142":21,"143":138,"144":96,"145":1248,"146":96,"147":96,"148":42,"149":63,"150":1,"151":1,"152":3,"153":3,"154":61,"155":61,"156":19,"157":3,"158":1,"159":1,"160":1,"161":1,"162":1,"163":1,"164":1},"f":{"0":3,"1":7,"2":7,"3":14,"4":0,"5":0,"6":0,"7":0,"8":3,"9":129,"10":34,"11":1,"12":43,"13":41,"14":41,"15":1,"16":43,"17":2,"18":43,"19":2,"20":284,"21":1013,"22":3,"23":3,"24":264,"25":2041,"26":2041,"27":7,"28":154,"29":84,"30":4,"31":3,"32":4,"33":3,"34":3,"35":3,"36":3,"37":159,"38":1248,"39":3,"40":61,"41":61,"42":19,"43":1},"b":{"0":[2,32],"1":[0,32],"2":[43,2],"3":[1,42],"4":[2,1],"5":[284,169],"6":[115,169],"7":[1,2],"8":[157,107],"9":[157,1],"10":[5,2],"11":[4,3],"12":[3,1],"13":[1,2],"14":[4,3],"15":[3,1],"16":[3,3],"17":[3,1],"18":[1,2],"19":[1,2],"20":[2,2,2],"21":[21,138],"22":[96,42]},"_coverageSchema":"332fd63041d2c1bcb487cc26dd0d5f7d97098a6c","hash":"7dd0da503d29a67c513f5bf32da1c53ec1d1e0d6"}
,"/Users/mcmunder/code/eaternity/edb-solution-validator/src/validator/helpers/helpers.js": {"path":"/Users/mcmunder/code/eaternity/edb-solution-validator/src/validator/helpers/helpers.js","statementMap":{"0":{"start":{"line":6,"column":27},"end":{"line":10,"column":1}},"1":{"start":{"line":7,"column":2},"end":{"line":9,"column":3}},"2":{"start":{"line":8,"column":4},"end":{"line":8,"column":49}},"3":{"start":{"line":12,"column":38},"end":{"line":16,"column":1}},"4":{"start":{"line":14,"column":24},"end":{"line":14,"column":44}},"5":{"start":{"line":15,"column":2},"end":{"line":15,"column":37}},"6":{"start":{"line":18,"column":21},"end":{"line":24,"column":1}},"7":{"start":{"line":19,"column":19},"end":{"line":19,"column":49}},"8":{"start":{"line":20,"column":2},"end":{"line":23,"column":3}},"9":{"start":{"line":21,"column":20},"end":{"line":21,"column":56}},"10":{"start":{"line":22,"column":4},"end":{"line":22,"column":41}},"11":{"start":{"line":26,"column":27},"end":{"line":26,"column":46}},"12":{"start":{"line":27,"column":27},"end":{"line":27,"column":58}},"13":{"start":{"line":29,"column":25},"end":{"line":40,"column":1}},"14":{"start":{"line":30,"column":20},"end":{"line":30,"column":54}},"15":{"start":{"line":31,"column":16},"end":{"line":37,"column":6}},"16":{"start":{"line":32,"column":24},"end":{"line":32,"column":56}},"17":{"start":{"line":34,"column":28},"end":{"line":34,"column":58}},"18":{"start":{"line":35,"column":22},"end":{"line":35,"column":48}},"19":{"start":{"line":36,"column":6},"end":{"line":36,"column":20}},"20":{"start":{"line":39,"column":2},"end":{"line":39,"column":14}},"21":{"start":{"line":42,"column":31},"end":{"line":42,"column":54}},"22":{"start":{"line":43,"column":31},"end":{"line":43,"column":77}},"23":{"start":{"line":45,"column":24},"end":{"line":48,"column":1}},"24":{"start":{"line":46,"column":15},"end":{"line":46,"column":72}},"25":{"start":{"line":47,"column":2},"end":{"line":47,"column":13}},"26":{"start":{"line":50,"column":25},"end":{"line":60,"column":1}},"27":{"start":{"line":51,"column":20},"end":{"line":51,"column":54}},"28":{"start":{"line":52,"column":16},"end":{"line":57,"column":75}},"29":{"start":{"line":54,"column":28},"end":{"line":54,"column":46}},"30":{"start":{"line":55,"column":6},"end":{"line":55,"column":41}},"31":{"start":{"line":57,"column":21},"end":{"line":57,"column":74}},"32":{"start":{"line":59,"column":2},"end":{"line":59,"column":14}},"33":{"start":{"line":62,"column":30},"end":{"line":74,"column":1}},"34":{"start":{"line":63,"column":20},"end":{"line":63,"column":60}},"35":{"start":{"line":64,"column":21},"end":{"line":71,"column":5}},"36":{"start":{"line":66,"column":28},"end":{"line":66,"column":53}},"37":{"start":{"line":67,"column":6},"end":{"line":67,"column":41}},"38":{"start":{"line":70,"column":6},"end":{"line":70,"column":65}},"39":{"start":{"line":73,"column":2},"end":{"line":73,"column":19}},"40":{"start":{"line":76,"column":33},"end":{"line":78,"column":1}},"41":{"start":{"line":77,"column":2},"end":{"line":77,"column":61}},"42":{"start":{"line":80,"column":34},"end":{"line":85,"column":1}},"43":{"start":{"line":81,"column":20},"end":{"line":81,"column":32}},"44":{"start":{"line":82,"column":2},"end":{"line":82,"column":27}},"45":{"start":{"line":83,"column":2},"end":{"line":83,"column":36}},"46":{"start":{"line":84,"column":2},"end":{"line":84,"column":18}},"47":{"start":{"line":87,"column":31},"end":{"line":91,"column":1}},"48":{"start":{"line":88,"column":20},"end":{"line":88,"column":32}},"49":{"start":{"line":89,"column":2},"end":{"line":89,"column":36}},"50":{"start":{"line":90,"column":2},"end":{"line":90,"column":18}},"51":{"start":{"line":93,"column":28},"end":{"line":99,"column":1}},"52":{"start":{"line":94,"column":21},"end":{"line":94,"column":28}},"53":{"start":{"line":95,"column":23},"end":{"line":95,"column":50}},"54":{"start":{"line":96,"column":2},"end":{"line":98,"column":4}},"55":{"start":{"line":104,"column":27},"end":{"line":104,"column":46}},"56":{"start":{"line":105,"column":27},"end":{"line":105,"column":65}},"57":{"start":{"line":107,"column":31},"end":{"line":109,"column":1}},"58":{"start":{"line":108,"column":2},"end":{"line":108,"column":73}},"59":{"start":{"line":111,"column":30},"end":{"line":116,"column":1}},"60":{"start":{"line":112,"column":19},"end":{"line":112,"column":44}},"61":{"start":{"line":113,"column":17},"end":{"line":113,"column":56}},"62":{"start":{"line":114,"column":2},"end":{"line":114,"column":52}},"63":{"start":{"line":115,"column":2},"end":{"line":115,"column":15}},"64":{"start":{"line":118,"column":36},"end":{"line":118,"column":64}}},"fnMap":{"0":{"name":"(anonymous_0)","decl":{"start":{"line":6,"column":27},"end":{"line":6,"column":28}},"loc":{"start":{"line":6,"column":50},"end":{"line":10,"column":1}},"line":6},"1":{"name":"(anonymous_1)","decl":{"start":{"line":12,"column":38},"end":{"line":12,"column":39}},"loc":{"start":{"line":12,"column":50},"end":{"line":16,"column":1}},"line":12},"2":{"name":"(anonymous_2)","decl":{"start":{"line":18,"column":21},"end":{"line":18,"column":22}},"loc":{"start":{"line":18,"column":53},"end":{"line":24,"column":1}},"line":18},"3":{"name":"(anonymous_3)","decl":{"start":{"line":29,"column":25},"end":{"line":29,"column":26}},"loc":{"start":{"line":29,"column":62},"end":{"line":40,"column":1}},"line":29},"4":{"name":"(anonymous_4)","decl":{"start":{"line":32,"column":12},"end":{"line":32,"column":13}},"loc":{"start":{"line":32,"column":24},"end":{"line":32,"column":56}},"line":32},"5":{"name":"(anonymous_5)","decl":{"start":{"line":33,"column":9},"end":{"line":33,"column":10}},"loc":{"start":{"line":33,"column":21},"end":{"line":37,"column":5}},"line":33},"6":{"name":"(anonymous_6)","decl":{"start":{"line":45,"column":24},"end":{"line":45,"column":25}},"loc":{"start":{"line":45,"column":35},"end":{"line":48,"column":1}},"line":45},"7":{"name":"(anonymous_7)","decl":{"start":{"line":50,"column":25},"end":{"line":50,"column":26}},"loc":{"start":{"line":50,"column":36},"end":{"line":60,"column":1}},"line":50},"8":{"name":"(anonymous_8)","decl":{"start":{"line":53,"column":12},"end":{"line":53,"column":13}},"loc":{"start":{"line":53,"column":24},"end":{"line":56,"column":5}},"line":53},"9":{"name":"(anonymous_9)","decl":{"start":{"line":57,"column":9},"end":{"line":57,"column":10}},"loc":{"start":{"line":57,"column":21},"end":{"line":57,"column":74}},"line":57},"10":{"name":"(anonymous_10)","decl":{"start":{"line":62,"column":30},"end":{"line":62,"column":31}},"loc":{"start":{"line":62,"column":41},"end":{"line":74,"column":1}},"line":62},"11":{"name":"(anonymous_11)","decl":{"start":{"line":65,"column":12},"end":{"line":65,"column":13}},"loc":{"start":{"line":65,"column":24},"end":{"line":68,"column":5}},"line":65},"12":{"name":"(anonymous_12)","decl":{"start":{"line":69,"column":9},"end":{"line":69,"column":10}},"loc":{"start":{"line":70,"column":6},"end":{"line":70,"column":65}},"line":70},"13":{"name":"(anonymous_13)","decl":{"start":{"line":76,"column":33},"end":{"line":76,"column":34}},"loc":{"start":{"line":76,"column":44},"end":{"line":78,"column":1}},"line":76},"14":{"name":"(anonymous_14)","decl":{"start":{"line":80,"column":34},"end":{"line":80,"column":35}},"loc":{"start":{"line":80,"column":45},"end":{"line":85,"column":1}},"line":80},"15":{"name":"(anonymous_15)","decl":{"start":{"line":87,"column":31},"end":{"line":87,"column":32}},"loc":{"start":{"line":87,"column":42},"end":{"line":91,"column":1}},"line":87},"16":{"name":"(anonymous_16)","decl":{"start":{"line":93,"column":28},"end":{"line":93,"column":29}},"loc":{"start":{"line":93,"column":70},"end":{"line":99,"column":1}},"line":93},"17":{"name":"(anonymous_17)","decl":{"start":{"line":107,"column":31},"end":{"line":107,"column":32}},"loc":{"start":{"line":107,"column":51},"end":{"line":109,"column":1}},"line":107},"18":{"name":"(anonymous_18)","decl":{"start":{"line":111,"column":30},"end":{"line":111,"column":31}},"loc":{"start":{"line":111,"column":58},"end":{"line":116,"column":1}},"line":111}},"branchMap":{"0":{"loc":{"start":{"line":7,"column":2},"end":{"line":9,"column":3}},"type":"if","locations":[{"start":{"line":7,"column":2},"end":{"line":9,"column":3}},{"start":{"line":7,"column":2},"end":{"line":9,"column":3}}],"line":7},"1":{"loc":{"start":{"line":20,"column":2},"end":{"line":23,"column":3}},"type":"if","locations":[{"start":{"line":20,"column":2},"end":{"line":23,"column":3}},{"start":{"line":20,"column":2},"end":{"line":23,"column":3}}],"line":20}},"s":{"0":2,"1":133,"2":133,"3":2,"4":264,"5":264,"6":2,"7":132,"8":132,"9":131,"10":131,"11":2,"12":2,"13":2,"14":9,"15":9,"16":126,"17":117,"18":117,"19":117,"20":9,"21":2,"22":2,"23":2,"24":1,"25":1,"26":2,"27":2,"28":2,"29":4,"30":4,"31":2,"32":2,"33":2,"34":2,"35":2,"36":4,"37":4,"38":2,"39":2,"40":2,"41":3,"42":2,"43":6,"44":6,"45":6,"46":6,"47":2,"48":1,"49":1,"50":1,"51":2,"52":2,"53":2,"54":2,"55":2,"56":2,"57":2,"58":1,"59":2,"60":1,"61":1,"62":1,"63":1,"64":2},"f":{"0":133,"1":264,"2":132,"3":9,"4":126,"5":117,"6":1,"7":2,"8":4,"9":2,"10":2,"11":4,"12":2,"13":3,"14":6,"15":1,"16":2,"17":1,"18":1},"b":{"0":[133,0],"1":[131,1]},"_coverageSchema":"332fd63041d2c1bcb487cc26dd0d5f7d97098a6c","hash":"5dd1abdb7996ce75851e1a9b6bacf8bcfa1b1652"}
}
