TN:
SF:/Users/mcmunder/code/eaternity/edb-solution-validator/src/validator/validator.js
FN:62,(anonymous_0)
FN:64,(anonymous_1)
FN:64,(anonymous_2)
FN:65,(anonymous_3)
FN:76,(anonymous_4)
FN:79,(anonymous_5)
FN:80,(anonymous_6)
FN:81,(anonymous_7)
FN:91,(anonymous_8)
FN:93,(anonymous_9)
FN:94,(anonymous_10)
FN:115,(anonymous_11)
FN:117,(anonymous_12)
FN:118,(anonymous_13)
FN:121,(anonymous_14)
FN:125,(anonymous_15)
FN:133,(anonymous_16)
FN:137,(anonymous_17)
FN:147,(anonymous_18)
FN:148,(anonymous_19)
FN:152,(anonymous_20)
FN:164,(anonymous_21)
FN:175,(anonymous_22)
FN:181,(anonymous_23)
FN:200,(anonymous_24)
FN:208,(anonymous_25)
FN:209,(anonymous_26)
FN:223,(anonymous_27)
FN:231,(anonymous_28)
FN:235,(anonymous_29)
FN:259,(anonymous_30)
FN:268,(anonymous_31)
FN:288,(anonymous_32)
FN:302,(anonymous_33)
FN:307,(anonymous_34)
FN:308,(anonymous_35)
FN:330,(anonymous_36)
FN:351,(anonymous_37)
FN:364,(anonymous_38)
FN:378,(anonymous_39)
FN:382,(anonymous_40)
FN:383,(anonymous_41)
FN:384,(anonymous_42)
FN:394,(anonymous_43)
FNF:44
FNH:40
FNDA:3,(anonymous_0)
FNDA:7,(anonymous_1)
FNDA:7,(anonymous_2)
FNDA:14,(anonymous_3)
FNDA:0,(anonymous_4)
FNDA:0,(anonymous_5)
FNDA:0,(anonymous_6)
FNDA:0,(anonymous_7)
FNDA:3,(anonymous_8)
FNDA:129,(anonymous_9)
FNDA:34,(anonymous_10)
FNDA:1,(anonymous_11)
FNDA:43,(anonymous_12)
FNDA:41,(anonymous_13)
FNDA:41,(anonymous_14)
FNDA:1,(anonymous_15)
FNDA:43,(anonymous_16)
FNDA:2,(anonymous_17)
FNDA:43,(anonymous_18)
FNDA:2,(anonymous_19)
FNDA:284,(anonymous_20)
FNDA:1013,(anonymous_21)
FNDA:3,(anonymous_22)
FNDA:3,(anonymous_23)
FNDA:264,(anonymous_24)
FNDA:2041,(anonymous_25)
FNDA:2041,(anonymous_26)
FNDA:7,(anonymous_27)
FNDA:154,(anonymous_28)
FNDA:84,(anonymous_29)
FNDA:4,(anonymous_30)
FNDA:3,(anonymous_31)
FNDA:4,(anonymous_32)
FNDA:3,(anonymous_33)
FNDA:3,(anonymous_34)
FNDA:3,(anonymous_35)
FNDA:3,(anonymous_36)
FNDA:159,(anonymous_37)
FNDA:1248,(anonymous_38)
FNDA:3,(anonymous_39)
FNDA:61,(anonymous_40)
FNDA:61,(anonymous_41)
FNDA:19,(anonymous_42)
FNDA:1,(anonymous_43)
DA:10,1
DA:15,1
DA:25,1
DA:49,1
DA:57,1
DA:62,1
DA:63,3
DA:64,7
DA:65,7
DA:66,14
DA:69,7
DA:72,3
DA:76,1
DA:77,0
DA:78,0
DA:79,0
DA:81,0
DA:82,0
DA:85,0
DA:88,0
DA:91,1
DA:92,3
DA:93,129
DA:95,34
DA:96,2
DA:99,32
DA:100,0
DA:104,32
DA:108,3
DA:109,3
DA:112,1
DA:113,1
DA:115,1
DA:116,1
DA:117,43
DA:119,41
DA:121,41
DA:123,1
DA:125,1
DA:126,1
DA:134,43
DA:139,2
DA:147,43
DA:148,2
DA:150,1
DA:152,1
DA:154,284
DA:163,284
DA:165,1013
DA:168,284
DA:169,115
DA:172,284
DA:175,1
DA:176,3
DA:177,3
DA:179,3
DA:182,3
DA:185,3
DA:187,3
DA:188,1
DA:191,3
DA:194,1
DA:195,1
DA:200,1
DA:201,264
DA:202,264
DA:204,264
DA:206,264
DA:207,157
DA:208,2041
DA:209,2041
DA:211,157
DA:217,264
DA:220,1
DA:221,1
DA:223,1
DA:228,7
DA:229,7
DA:231,7
DA:232,154
DA:235,7
DA:236,84
DA:239,7
DA:240,7
DA:242,7
DA:243,5
DA:246,7
DA:247,4
DA:250,7
DA:253,1
DA:254,1
DA:259,1
DA:260,4
DA:261,4
DA:262,4
DA:264,4
DA:266,4
DA:267,3
DA:268,3
DA:269,3
DA:272,3
DA:273,1
DA:280,4
DA:283,1
DA:284,1
DA:288,1
DA:289,4
DA:290,4
DA:291,4
DA:293,4
DA:295,4
DA:300,4
DA:301,3
DA:302,3
DA:303,3
DA:306,3
DA:308,3
DA:309,3
DA:314,3
DA:315,1
DA:322,4
DA:325,1
DA:326,1
DA:330,1
DA:331,3
DA:333,3
DA:334,1
DA:341,2
DA:342,2
DA:343,2
DA:344,2
DA:346,2
DA:347,2
DA:348,2
DA:351,1
DA:352,159
DA:353,159
DA:354,159
DA:356,159
DA:359,159
DA:361,159
DA:362,21
DA:363,138
DA:364,96
DA:365,1248
DA:367,96
DA:368,96
DA:370,42
DA:373,63
DA:376,1
DA:378,1
DA:379,3
DA:381,3
DA:382,61
DA:383,61
DA:384,19
DA:386,3
DA:389,1
DA:390,1
DA:394,1
DA:395,1
DA:396,1
DA:399,1
DA:400,1
LF:164
LH:156
BRDA:95,0,0,2
BRDA:95,0,1,32
BRDA:99,1,0,0
BRDA:99,1,1,32
BRDA:117,2,0,43
BRDA:117,2,1,2
BRDA:134,3,0,1
BRDA:134,3,1,42
BRDA:140,4,0,2
BRDA:140,4,1,1
BRDA:163,5,0,284
BRDA:163,5,1,169
BRDA:168,6,0,115
BRDA:168,6,1,169
BRDA:187,7,0,1
BRDA:187,7,1,2
BRDA:206,8,0,157
BRDA:206,8,1,107
BRDA:213,9,0,157
BRDA:213,9,1,1
BRDA:242,10,0,5
BRDA:242,10,1,2
BRDA:246,11,0,4
BRDA:246,11,1,3
BRDA:266,12,0,3
BRDA:266,12,1,1
BRDA:272,13,0,1
BRDA:272,13,1,2
BRDA:293,14,0,4
BRDA:293,14,1,3
BRDA:295,15,0,3
BRDA:295,15,1,1
BRDA:296,16,0,3
BRDA:296,16,1,3
BRDA:300,17,0,3
BRDA:300,17,1,1
BRDA:314,18,0,1
BRDA:314,18,1,2
BRDA:333,19,0,1
BRDA:333,19,1,2
BRDA:346,20,0,2
BRDA:346,20,1,2
BRDA:346,20,2,2
BRDA:361,21,0,21
BRDA:361,21,1,138
BRDA:363,22,0,96
BRDA:363,22,1,42
BRF:47
BRH:46
end_of_record
TN:
SF:/Users/mcmunder/code/eaternity/edb-solution-validator/src/validator/helpers/helpers.js
FN:6,(anonymous_0)
FN:12,(anonymous_1)
FN:18,(anonymous_2)
FN:29,(anonymous_3)
FN:32,(anonymous_4)
FN:33,(anonymous_5)
FN:45,(anonymous_6)
FN:50,(anonymous_7)
FN:53,(anonymous_8)
FN:57,(anonymous_9)
FN:62,(anonymous_10)
FN:65,(anonymous_11)
FN:69,(anonymous_12)
FN:76,(anonymous_13)
FN:80,(anonymous_14)
FN:87,(anonymous_15)
FN:93,(anonymous_16)
FN:107,(anonymous_17)
FN:111,(anonymous_18)
FNF:19
FNH:19
FNDA:133,(anonymous_0)
FNDA:264,(anonymous_1)
FNDA:132,(anonymous_2)
FNDA:9,(anonymous_3)
FNDA:126,(anonymous_4)
FNDA:117,(anonymous_5)
FNDA:1,(anonymous_6)
FNDA:2,(anonymous_7)
FNDA:4,(anonymous_8)
FNDA:2,(anonymous_9)
FNDA:2,(anonymous_10)
FNDA:4,(anonymous_11)
FNDA:2,(anonymous_12)
FNDA:3,(anonymous_13)
FNDA:6,(anonymous_14)
FNDA:1,(anonymous_15)
FNDA:2,(anonymous_16)
FNDA:1,(anonymous_17)
FNDA:1,(anonymous_18)
DA:6,2
DA:7,133
DA:8,133
DA:12,2
DA:14,264
DA:15,264
DA:18,2
DA:19,132
DA:20,132
DA:21,131
DA:22,131
DA:26,2
DA:27,2
DA:29,2
DA:30,9
DA:31,9
DA:32,126
DA:34,117
DA:35,117
DA:36,117
DA:39,9
DA:42,2
DA:43,2
DA:45,2
DA:46,1
DA:47,1
DA:50,2
DA:51,2
DA:52,2
DA:54,4
DA:55,4
DA:57,2
DA:59,2
DA:62,2
DA:63,2
DA:64,2
DA:66,4
DA:67,4
DA:70,2
DA:73,2
DA:76,2
DA:77,3
DA:80,2
DA:81,6
DA:82,6
DA:83,6
DA:84,6
DA:87,2
DA:88,1
DA:89,1
DA:90,1
DA:93,2
DA:94,2
DA:95,2
DA:96,2
DA:104,2
DA:105,2
DA:107,2
DA:108,1
DA:111,2
DA:112,1
DA:113,1
DA:114,1
DA:115,1
DA:118,2
LF:65
LH:65
BRDA:7,0,0,133
BRDA:7,0,1,0
BRDA:20,1,0,131
BRDA:20,1,1,1
BRF:4
BRH:3
end_of_record
